<?xml version="1.0" encoding="UTF-8"?>
<!-- Generated by org.testng.reporters.JUnitReportReporter -->
<testsuite hostname="RJWT-Laptop1811" failures="0" tests="1" name="CollectionFrmwrk.SortedSetDemo" time="0.020" errors="0" timestamp="2024-06-24T19:23:18 IST" skipped="0">
  <testcase classname="CollectionFrmwrk.SortedSetDemo" name="GetDefaultNaturalSortingDemo" time="0.020"/>
  <system-out/>
</testsuite> <!-- CollectionFrmwrk.SortedSetDemo -->
