<?xml version="1.0" encoding="UTF-8"?>
<!-- Generated by org.testng.reporters.JUnitReportReporter -->
<testsuite hostname="RJWT-Laptop1811" failures="0" tests="1" name="CollectionFrmwrk.Cursors.IteratorDemo" time="0.019" errors="0" timestamp="2024-06-24T16:12:10 IST" skipped="0">
  <testcase classname="CollectionFrmwrk.Cursors.IteratorDemo" name="GetElementMultipleOf4" time="0.019"/>
  <system-out/>
</testsuite> <!-- CollectionFrmwrk.Cursors.IteratorDemo -->
