<?xml version="1.0" encoding="UTF-8"?>
<!-- Generated by org.testng.reporters.JUnitReportReporter -->
<testsuite hostname="RJWT-Laptop1811" failures="0" tests="2" name="CollectionFrmwrk.CSO_ComparatorInterfaceStringObjectDemo" time="0.018" errors="0" timestamp="2024-06-25T16:59:04 IST" skipped="0">
  <testcase classname="CollectionFrmwrk.CSO_ComparatorInterfaceStringObjectDemo" name="GetCustomSortingStringObjectWithComparator" time="0.002"/>
  <system-out/>
  <testcase classname="CollectionFrmwrk.CSO_ComparatorInterfaceStringObjectDemo" name="GetCustomSortingStringBufferObjectWithComparator" time="0.016"/>
  <system-out/>
</testsuite> <!-- CollectionFrmwrk.CSO_ComparatorInterfaceStringObjectDemo -->
