<?xml version="1.0" encoding="UTF-8"?>
<!-- Generated by org.testng.reporters.JUnitReportReporter -->
<testsuite hostname="RJWT-Laptop1811" failures="0" tests="2" name="Maps.WeakHashMapDemo" time="10.076" errors="0" timestamp="2024-06-26T19:06:26 IST" skipped="0">
  <testcase classname="Maps.WeakHashMapDemo" name="GetHashMapDemo" time="5.030"/>
  <system-out/>
  <testcase classname="Maps.WeakHashMapDemo" name="GetWeakHashMapDemo" time="5.046"/>
  <system-out/>
</testsuite> <!-- Maps.WeakHashMapDemo -->
