<?xml version="1.0" encoding="UTF-8"?>
<!-- Generated by org.testng.reporters.JUnitReportReporter -->
<testsuite hostname="DESKTOP-BQ9CQUV" failures="0" tests="5" name="FileHandling.FileDemo" time="0.026" errors="0" timestamp="2024-06-11T20:34:50 IST" skipped="3">
  <testcase classname="FileHandling.FileDemo" name="GetfolderOnly" time="0.004"/>
  <system-out/>
  <testcase classname="FileHandling.FileDemo" name="GetFilesOnly" time="0.022"/>
  <system-out/>
  <testcase classname="FileHandling.FileDemo" name="GetFilesandFolder">
    <skipped/>
  </testcase> <!-- GetFilesandFolder -->
  <system-out/>
  <testcase classname="FileHandling.FileDemo" name="CreateFile">
    <skipped/>
  </testcase> <!-- CreateFile -->
  <system-out/>
  <testcase classname="FileHandling.FileDemo" name="FileExistsDemo">
    <skipped/>
  </testcase> <!-- FileExistsDemo -->
  <system-out/>
</testsuite> <!-- FileHandling.FileDemo -->
