<?xml version="1.0" encoding="UTF-8"?>
<!-- Generated by org.testng.reporters.JUnitReportReporter -->
<testsuite hostname="RJWT-Laptop1811" failures="0" tests="2" name="ArraysDemo.ArrayInitalization" time="0.030" errors="0" timestamp="2024-06-16T12:04:51 IST" skipped="0">
  <testcase classname="ArraysDemo.ArrayInitalization" name="SetArrayValues" time="0.026"/>
  <system-out/>
  <testcase classname="ArraysDemo.ArrayInitalization" name="SetArrayValuesAtSingleLine" time="0.004"/>
  <system-out/>
</testsuite> <!-- ArraysDemo.ArrayInitalization -->
