<?xml version="1.0" encoding="UTF-8"?>
<!-- Generated by org.testng.reporters.JUnitReportReporter -->
<testsuite hostname="RJWT-Laptop1811" failures="0" tests="3" name="FileHandling.CombineContentOfTwoFileInThirdFile" time="0.016" errors="0" timestamp="2024-06-14T21:10:50 IST" skipped="2">
  <testcase classname="FileHandling.CombineContentOfTwoFileInThirdFile" name="MergeAllDataIntoNewFile5" time="0.016"/>
  <system-out/>
  <testcase classname="FileHandling.CombineContentOfTwoFileInThirdFile" name="CombineContentOfF1_F2IntoF3File">
    <skipped/>
  </testcase> <!-- CombineContentOfF1_F2IntoF3File -->
  <system-out/>
  <testcase classname="FileHandling.CombineContentOfTwoFileInThirdFile" name="CombineContentOfF1_F2AlternativelyLineByLineIntoF4File">
    <skipped/>
  </testcase> <!-- CombineContentOfF1_F2AlternativelyLineByLineIntoF4File -->
  <system-out/>
</testsuite> <!-- FileHandling.CombineContentOfTwoFileInThirdFile -->
