<?xml version="1.0" encoding="UTF-8"?>
<!-- Generated by org.testng.reporters.JUnitReportReporter -->
<testsuite hostname="RJWT-Laptop1811" failures="0" tests="7" name="CollectionFrmwrk.CSO_PossibleImplementationOfComparatorDemo1" time="0.034" errors="0" timestamp="2024-06-25T16:27:24 IST" skipped="0">
  <testcase classname="CollectionFrmwrk.CSO_PossibleImplementationOfComparatorDemo1" name="GetCSOFirstElement" time="0.005"/>
  <system-out/>
  <testcase classname="CollectionFrmwrk.CSO_PossibleImplementationOfComparatorDemo1" name="GetCSOInsertionOrder_1" time="0.003"/>
  <system-out/>
  <testcase classname="CollectionFrmwrk.CSO_PossibleImplementationOfComparatorDemo1" name="GetCSODecendingOrder_1" time="0.003"/>
  <system-out/>
  <testcase classname="CollectionFrmwrk.CSO_PossibleImplementationOfComparatorDemo1" name="GetCSODescendingOrder_2" time="0.003"/>
  <system-out/>
  <testcase classname="CollectionFrmwrk.CSO_PossibleImplementationOfComparatorDemo1" name="GetCSOAscendingOrder_1" time="0.015"/>
  <system-out/>
  <testcase classname="CollectionFrmwrk.CSO_PossibleImplementationOfComparatorDemo1" name="GetCSOAscendingOrder_2" time="0.002"/>
  <system-out/>
  <testcase classname="CollectionFrmwrk.CSO_PossibleImplementationOfComparatorDemo1" name="GetCSOReverseOfInsertionOrder_1" time="0.003"/>
  <system-out/>
</testsuite> <!-- CollectionFrmwrk.CSO_PossibleImplementationOfComparatorDemo1 -->
