<?xml version="1.0" encoding="UTF-8"?>
<!-- Generated by org.testng.reporters.JUnitReportReporter -->
<testsuite hostname="RJWT-Laptop1811" failures="0" tests="3" name="FileHandling.FileWriterAndReader" time="0.022" errors="0" timestamp="2024-06-14T19:44:18 IST" skipped="1">
  <testcase classname="FileHandling.FileWriterAndReader" name="FileReaderCharacterByCharaterDemo" time="0.017"/>
  <system-out/>
  <testcase classname="FileHandling.FileWriterAndReader" name="FileReaderLineByLine" time="0.005"/>
  <system-out/>
  <testcase classname="FileHandling.FileWriterAndReader" name="FileWriterDemo">
    <skipped/>
  </testcase> <!-- FileWriterDemo -->
  <system-out/>
</testsuite> <!-- FileHandling.FileWriterAndReader -->
