<?xml version="1.0" encoding="UTF-8"?>
<!-- Generated by org.testng.reporters.JUnitReportReporter -->
<testsuite hostname="RJWT-Laptop1811" failures="0" tests="1" name="CollectionFrmwrk.CSO_StringandStringBufferObjects" time="0.014" errors="0" timestamp="2024-06-25T17:22:14 IST" skipped="0">
  <testcase classname="CollectionFrmwrk.CSO_StringandStringBufferObjects" name="CSO_IncreasingOrderOfLength" time="0.014"/>
  <system-out/>
</testsuite> <!-- CollectionFrmwrk.CSO_StringandStringBufferObjects -->
