<?xml version="1.0" encoding="UTF-8"?>
<!-- Generated by org.testng.reporters.JUnitReportReporter -->
<testsuite hostname="RJWT-Laptop1811" failures="0" tests="1" name="CollectionFrmwrk.CSOwithAge_StudentsClassDemo" time="0.020" errors="0" timestamp="2024-06-26T12:55:35 IST" skipped="0">
  <testcase classname="CollectionFrmwrk.CSOwithAge_StudentsClassDemo" name="GetDNSOStudentsAgeDemo" time="0.020"/>
  <system-out/>
</testsuite> <!-- CollectionFrmwrk.CSOwithAge_StudentsClassDemo -->
