<?xml version="1.0" encoding="UTF-8"?>
<!-- Generated by org.testng.reporters.JUnitReportReporter -->
<testsuite hostname="RJWT-Laptop1811" failures="0" tests="3" name="CollectionFrmwrk.VectorAndStackDemo" time="0.035" errors="0" timestamp="2024-06-24T15:27:41 IST" skipped="0">
  <testcase classname="CollectionFrmwrk.VectorAndStackDemo" name="VectorDemo" time="0.007"/>
  <system-out/>
  <testcase classname="CollectionFrmwrk.VectorAndStackDemo" name="VectorCapacityDemo" time="0.007"/>
  <system-out/>
  <testcase classname="CollectionFrmwrk.VectorAndStackDemo" name="StackDemo" time="0.021"/>
  <system-out/>
</testsuite> <!-- CollectionFrmwrk.VectorAndStackDemo -->
