<?xml version="1.0" encoding="UTF-8"?>
<!-- Generated by org.testng.reporters.JUnitReportReporter -->
<testsuite hostname="RJWT-Laptop1811" failures="0" tests="2" name="FileHandling.BufferedWriterAndBufferedReader" time="0.024" errors="0" timestamp="2024-06-14T20:06:30 IST" skipped="0">
  <testcase classname="FileHandling.BufferedWriterAndBufferedReader" name="BufferedReaderDemo" time="0.015"/>
  <system-out/>
  <testcase classname="FileHandling.BufferedWriterAndBufferedReader" name="BufferedWriterDemo" time="0.009"/>
  <system-out/>
</testsuite> <!-- FileHandling.BufferedWriterAndBufferedReader -->
