<?xml version="1.0" encoding="UTF-8"?>
<!-- Generated by org.testng.reporters.JUnitReportReporter -->
<testsuite hostname="RJWT-Laptop1811" failures="0" tests="1" name="FileHandling.PrintWriterDemo" time="0.019" errors="0" timestamp="2024-06-14T20:28:10 IST" skipped="0">
  <testcase classname="FileHandling.PrintWriterDemo" name="UsePrintWriterDemo" time="0.019"/>
  <system-out/>
</testsuite> <!-- FileHandling.PrintWriterDemo -->
