<?xml version="1.0" encoding="UTF-8"?>
<!-- Generated by org.testng.reporters.JUnitReportReporter -->
<testsuite hostname="RJWT-Laptop1811" failures="0" tests="2" name="CollectionFrmwrk.CSO_ComparatorInterfaceDemo" time="0.022" errors="0" timestamp="2024-06-25T15:38:44 IST" skipped="0">
  <testcase classname="CollectionFrmwrk.CSO_ComparatorInterfaceDemo" name="GetDefaultSortingWithoutComparator" time="0.003"/>
  <system-out/>
  <testcase classname="CollectionFrmwrk.CSO_ComparatorInterfaceDemo" name="GetCustomSortingWithComparator" time="0.019"/>
  <system-out/>
</testsuite> <!-- CollectionFrmwrk.CSO_ComparatorInterfaceDemo -->
