<?xml version="1.0" encoding="UTF-8"?>
<!-- Generated by org.testng.reporters.JUnitReportReporter -->
<testsuite hostname="RJWT-Laptop1811" failures="0" tests="2" name="ArraysDemo.ArrayConvention" time="0.018" errors="0" timestamp="2024-06-16T11:25:19 IST" skipped="0">
  <testcase classname="ArraysDemo.ArrayConvention" name="GetArrayDetails" time="0.016"/>
  <system-out/>
  <testcase classname="ArraysDemo.ArrayConvention" name="GetArrayIndexedValue" time="0.002"/>
  <system-out/>
</testsuite> <!-- ArraysDemo.ArrayConvention -->
