<?xml version="1.0" encoding="UTF-8"?>
<!-- Generated by org.testng.reporters.JUnitReportReporter -->
<testsuite hostname="RJWT-Laptop1811" failures="0" tests="2" name="CollectionFrmwrk.IdentityHashMapDemo" time="0.017" errors="0" timestamp="2024-06-26T18:22:02 IST" skipped="0">
  <testcase classname="CollectionFrmwrk.IdentityHashMapDemo" name="GetHashMapDemo" time="0.015"/>
  <system-out/>
  <testcase classname="CollectionFrmwrk.IdentityHashMapDemo" name="GetIdentityHashMapDemo" time="0.002"/>
  <system-out/>
</testsuite> <!-- CollectionFrmwrk.IdentityHashMapDemo -->
