<?xml version="1.0" encoding="UTF-8"?>
<!-- Generated by org.testng.reporters.JUnitReportReporter -->
<testsuite hostname="RJWT-Laptop1811" failures="0" tests="1" name="CollectionFrmwrk.Cursors.InternalImplementationOfCursors" time="0.017" errors="0" timestamp="2024-06-24T17:19:20 IST" skipped="0">
  <testcase classname="CollectionFrmwrk.Cursors.InternalImplementationOfCursors" name="GetImplementationClassNameForCursors" time="0.017"/>
  <system-out/>
</testsuite> <!-- CollectionFrmwrk.Cursors.InternalImplementationOfCursors -->
