<?xml version="1.0" encoding="UTF-8"?>
<!-- Generated by org.testng.reporters.JUnitReportReporter -->
<testsuite hostname="RJWT-Laptop1811" failures="0" tests="2" name="CollectionFrmwrk.HashMapDemo" time="0.024" errors="0" timestamp="2024-06-26T17:51:00 IST" skipped="0">
  <testcase classname="CollectionFrmwrk.HashMapDemo" name="GetLinkedHashMapDemo" time="0.003"/>
  <system-out/>
  <testcase classname="CollectionFrmwrk.HashMapDemo" name="GetHashMapDemo" time="0.021"/>
  <system-out/>
</testsuite> <!-- CollectionFrmwrk.HashMapDemo -->
