<?xml version="1.0" encoding="UTF-8"?>
<!-- Generated by org.testng.reporters.JUnitReportReporter -->
<testsuite hostname="RJWT-Laptop1811" failures="0" tests="2" name="CollectionFrmwrk.ComparableInterfaceDemo" time="0.018" errors="0" timestamp="2024-06-25T11:30:18 IST" skipped="0">
  <testcase classname="CollectionFrmwrk.ComparableInterfaceDemo" name="GetComparableInterfaceDemo1" time="0.016"/>
  <system-out/>
  <testcase classname="CollectionFrmwrk.ComparableInterfaceDemo" name="GetComparableInterfaceDemo2" time="0.002"/>
  <system-out/>
</testsuite> <!-- CollectionFrmwrk.ComparableInterfaceDemo -->
