<?xml version="1.0" encoding="UTF-8"?>
<!-- Generated by org.testng.reporters.JUnitReportReporter -->
<testsuite hostname="RJWT-Laptop1811" failures="0" tests="1" name="CollectionFrmwrk.SortedSet_TreeSetDemo2" time="0.016" errors="0" timestamp="2024-06-25T10:53:40 IST" skipped="0">
  <testcase classname="CollectionFrmwrk.SortedSet_TreeSetDemo2" name="GetDefaultNaturalSortingDemo" time="0.016"/>
  <system-out/>
</testsuite> <!-- CollectionFrmwrk.SortedSet_TreeSetDemo2 -->
