<?xml version="1.0" encoding="UTF-8"?>
<!-- Generated by org.testng.reporters.JUnitReportReporter -->
<testsuite hostname="RJWT-Laptop1811" failures="0" tests="1" name="CollectionFrmwrk.Cursors.EnumerationDemo" time="0.017" errors="0" timestamp="2024-06-24T15:48:28 IST" skipped="0">
  <testcase classname="CollectionFrmwrk.Cursors.EnumerationDemo" name="EnumerationDemoforVector" time="0.017"/>
  <system-out/>
</testsuite> <!-- CollectionFrmwrk.Cursors.EnumerationDemo -->
