<?xml version="1.0" encoding="UTF-8"?>
<!-- Generated by org.testng.reporters.JUnitReportReporter -->
<testsuite hostname="RJWT-Laptop1811" failures="0" tests="1" name="CollectionFrmwrk.Cursors.ListIteratorDemo" time="0.016" errors="0" timestamp="2024-06-24T16:52:44 IST" skipped="0">
  <testcase classname="CollectionFrmwrk.Cursors.ListIteratorDemo" name="GetListIteratorDemoForLinkedList" time="0.016"/>
  <system-out/>
</testsuite> <!-- CollectionFrmwrk.Cursors.ListIteratorDemo -->
