<?xml version="1.0" encoding="UTF-8"?>
<!-- Generated by org.testng.reporters.JUnitReportReporter -->
<testsuite hostname="RJWT-Laptop1811" failures="0" tests="3" name="CollectionFrmwrk.ListDemo" time="0.024" errors="0" timestamp="2024-06-24T12:25:34 IST" skipped="0">
  <testcase classname="CollectionFrmwrk.ListDemo" name="ArrayListDemo" time="0.017"/>
  <system-out/>
  <testcase classname="CollectionFrmwrk.ListDemo" name="LinkedListDemo" time="0.004"/>
  <system-out/>
  <testcase classname="CollectionFrmwrk.ListDemo" name="CheckImplementation" time="0.003"/>
  <system-out/>
</testsuite> <!-- CollectionFrmwrk.ListDemo -->
