<?xml version="1.0" encoding="UTF-8"?>
<!-- Generated by org.testng.reporters.JUnitReportReporter -->
<testsuite hostname="RJWT-Laptop1811" failures="0" tests="1" name="ArraysDemo.AnonymousArrayDemo" time="0.019" errors="0" timestamp="2024-06-16T13:21:43 IST" skipped="0">
  <testcase classname="ArraysDemo.AnonymousArrayDemo" name="GetSumOfArrayIndexedElement" time="0.019"/>
  <system-out/>
</testsuite> <!-- ArraysDemo.AnonymousArrayDemo -->
