<?xml version="1.0" encoding="UTF-8"?>
<!-- Generated by org.testng.reporters.JUnitReportReporter -->
<testsuite hostname="RJWT-Laptop1811" failures="0" tests="2" name="CollectionFrmwrk.SetDemo" time="0.020" errors="0" timestamp="2024-06-24T18:14:53 IST" skipped="0">
  <testcase classname="CollectionFrmwrk.SetDemo" name="LinkedHashSetDemo" time="0.003"/>
  <system-out/>
  <testcase classname="CollectionFrmwrk.SetDemo" name="HashSetDemo" time="0.017"/>
  <system-out/>
</testsuite> <!-- CollectionFrmwrk.SetDemo -->
